<?xml version="1.0" encoding="UTF-8"?>
<!-- Generated by org.testng.reporters.JUnitReportReporter -->
<testsuite hostname="LAPTOP-VI945F44" failures="0" tests="1" name="deserialization.Oauth" time="4.292" errors="0" timestamp="2023-06-02T17:42:38 IST" skipped="0">
  <testcase classname="deserialization.Oauth" name="courses" time="4.292"/>
  <system-out/>
</testsuite> <!-- deserialization.Oauth -->
