<?xml version="1.0" encoding="UTF-8"?>
<!-- Generated by org.testng.reporters.JUnitReportReporter -->
<testsuite hostname="LAPTOP-VI945F44" failures="0" tests="1" name="cognizant.restassured.Complexjson2" time="1.884" errors="0" timestamp="2023-05-11T18:16:58 IST" skipped="0">
  <testcase classname="cognizant.restassured.Complexjson2" name="json" time="1.884"/>
  <system-out/>
</testsuite> <!-- cognizant.restassured.Complexjson2 -->
