<?xml version="1.0" encoding="UTF-8"?>
<!-- Generated by org.testng.reporters.JUnitReportReporter -->
<testsuite hostname="LAPTOP-VI945F44" failures="0" tests="1" name="cognizant.restassured.files" time="1.955" errors="0" timestamp="2023-05-16T16:32:57 IST" skipped="0">
  <testcase classname="cognizant.restassured.files" name="post" time="1.955"/>
  <system-out/>
</testsuite> <!-- cognizant.restassured.files -->
