<?xml version="1.0" encoding="UTF-8"?>
<!-- Generated by org.testng.reporters.JUnitReportReporter -->
<testsuite hostname="LAPTOP-VI945F44" failures="0" tests="1" name="JiraApi.Issue" time="2.469" errors="0" timestamp="2023-06-08T12:48:07 IST" skipped="0">
  <testcase classname="JiraApi.Issue" name="jira" time="2.469"/>
  <system-out/>
</testsuite> <!-- JiraApi.Issue -->
