<?xml version="1.0" encoding="UTF-8"?>
<!-- Generated by org.testng.reporters.JUnitReportReporter -->
<testsuite hostname="LAPTOP-VI945F44" failures="0" tests="1" name="serialization.addplace" time="2.332" errors="0" timestamp="2023-06-01T16:44:21 IST" skipped="0">
  <testcase classname="serialization.addplace" name="add" time="2.332"/>
  <system-out/>
</testsuite> <!-- serialization.addplace -->
