<?xml version="1.0" encoding="UTF-8"?>
<!-- Generated by org.testng.reporters.JUnitReportReporter -->
<testsuite hostname="LAPTOP-VI945F44" failures="0" tests="4" name="cognizant.restassured.rest" time="5.415" errors="0" timestamp="2023-05-29T16:26:08 IST" skipped="0">
  <testcase classname="cognizant.restassured.rest" name="post" time="2.187"/>
  <system-out/>
  <testcase classname="cognizant.restassured.rest" name="update" time="1.252"/>
  <system-out/>
  <testcase classname="cognizant.restassured.rest" name="get" time="0.787"/>
  <system-out/>
  <testcase classname="cognizant.restassured.rest" name="delete" time="1.189"/>
  <system-out/>
</testsuite> <!-- cognizant.restassured.rest -->
