<?xml version="1.0" encoding="UTF-8"?>
<!-- Generated by org.testng.reporters.JUnitReportReporter -->
<testsuite hostname="LAPTOP-VI945F44" failures="0" tests="1" name="cognizant.restassured.restassured" time="3.177" errors="0" timestamp="2023-05-10T16:00:11 IST" skipped="0">
  <testcase classname="cognizant.restassured.restassured" name="postmethod" time="3.177"/>
  <system-out/>
</testsuite> <!-- cognizant.restassured.restassured -->
