<?xml version="1.0" encoding="UTF-8"?>
<!-- Generated by org.testng.reporters.JUnitReportReporter -->
<testsuite hostname="LAPTOP-VI945F44" failures="0" tests="1" name="cognizant.restassured.getandpost" time="3.243" errors="0" timestamp="2023-05-10T18:12:44 IST" skipped="0">
  <testcase classname="cognizant.restassured.getandpost" name="getrequest2" time="3.243"/>
  <system-out/>
</testsuite> <!-- cognizant.restassured.getandpost -->
