<?xml version="1.0" encoding="UTF-8"?>
<!-- Generated by org.testng.reporters.JUnitReportReporter -->
<testsuite hostname="LAPTOP-VI945F44" failures="0" tests="1" name="cognizant.restassured.libraryapi" time="3.849" errors="0" timestamp="2023-05-16T18:10:53 IST" skipped="0">
  <testcase classname="cognizant.restassured.libraryapi" name="postapi" time="3.849"/>
  <system-out/>
</testsuite> <!-- cognizant.restassured.libraryapi -->
