<?xml version="1.0" encoding="UTF-8"?>
<!-- Generated by org.testng.reporters.JUnitReportReporter -->
<testsuite hostname="LAPTOP-VI945F44" failures="0" tests="3" name="cognizant.restassured.Parameterization" time="2.184" errors="0" timestamp="2023-05-16T17:20:45 IST" skipped="0">
  <testcase classname="cognizant.restassured.Parameterization" name="dataprovider" time="0.246"/>
  <system-out/>
  <testcase classname="cognizant.restassured.Parameterization" name="dataprovider" time="1.737"/>
  <system-out/>
  <testcase classname="cognizant.restassured.Parameterization" name="dataprovider" time="0.201"/>
  <system-out/>
</testsuite> <!-- cognizant.restassured.Parameterization -->
