<?xml version="1.0" encoding="UTF-8"?>
<!-- Generated by org.testng.reporters.JUnitReportReporter -->
<testsuite hostname="LAPTOP-VI945F44" failures="0" tests="4" name="cognizant.restassured.requestspecification" time="6.037" errors="0" timestamp="2023-05-24T13:38:55 IST" skipped="0">
  <testcase classname="cognizant.restassured.requestspecification" name="Add" time="1.520"/>
  <system-out/>
  <testcase classname="cognizant.restassured.requestspecification" name="update" time="1.207"/>
  <system-out/>
  <testcase classname="cognizant.restassured.requestspecification" name="get" time="1.219"/>
  <system-out/>
  <testcase classname="cognizant.restassured.requestspecification" name="delete" time="2.091"/>
  <system-out/>
</testsuite> <!-- cognizant.restassured.requestspecification -->
